Using cuda
Using testing batch size for test loader
Using testing batch size for train loader
Loading weights
Initialization done
Start testing
Using test loader
Test: 0/10000 (0%)	Loss: 1.507616, Cross Entropy: 1.507616, Reg: 0.000000
Elapsed time (s): 2.7798101902008057
Memory usage (GB): 2.584136962890625
Test set: Average loss: 1.5020, Average cross entropy: 1.5020, Average reg: 0.0000, Accuracy: 9612/10000 (96%), Robust accuracy: 79/10000 (1%)


-------------------------------------------------------------------------------------------------------


Using cpu
Using testing batch size for test loader
Using testing batch size for train loader
Loading weights
Initialization done
Start testing
Using test loader
Test: 0/10000 (0%)	Loss: 1.470866, Cross Entropy: 1.470866, Reg: 0.000000
Elapsed time (s): 6.697897672653198
Memory usage (GB): 0.4388313293457031
Test: 1280/10000 (13%)	Loss: 1.529140, Cross Entropy: 1.529140, Reg: 0.000000
Elapsed time (s): 77.87025308609009
Memory usage (GB): 0.455352783203125
Test: 2560/10000 (25%)	Loss: 1.498219, Cross Entropy: 1.498219, Reg: 0.000000
Elapsed time (s): 89.2222638130188
Memory usage (GB): 0.5070648193359375
Test: 3840/10000 (38%)	Loss: 1.533512, Cross Entropy: 1.533512, Reg: 0.000000
Elapsed time (s): 89.07572937011719
Memory usage (GB): 0.5071754455566406
Test: 5120/10000 (51%)	Loss: 1.484880, Cross Entropy: 1.484880, Reg: 0.000000
Elapsed time (s): 79.0650749206543
Memory usage (GB): 0.5075187683105469
Test: 6400/10000 (63%)	Loss: 1.478743, Cross Entropy: 1.478743, Reg: 0.000000
Elapsed time (s): 87.939692735672
Memory usage (GB): 0.5247917175292969
Test: 7680/10000 (76%)	Loss: 1.472033, Cross Entropy: 1.472033, Reg: 0.000000
Elapsed time (s): 87.10734176635742
Memory usage (GB): 0.5246009826660156
Test: 8960/10000 (89%)	Loss: 1.505651, Cross Entropy: 1.505651, Reg: 0.000000
Elapsed time (s): 80.38964438438416
Memory usage (GB): 0.5247154235839844
Test set: Average loss: 1.5020, Average cross entropy: 1.5020, Average reg: 0.0000, Accuracy: 9612/10000 (96%), Robust accuracy: 46/9612 (0%)

