Using cuda
Using testing batch size for test loader
Using testing batch size for train loader
Loading weights
Initialization done
Start testing
Using test loader
Test: 0/10000 (0%)	Loss: 1.617359, Cross Entropy: 1.617359, Reg: 0.000000
Elapsed time (s): 8.722226858139038
Memory usage (GB): 2.5854530334472656
Test set: Average loss: 1.5873, Average cross entropy: 1.5873, Average reg: 0.0000, Accuracy: 8738/10000 (87%), Robust accuracy: 964/8738 (11%)

# Test 2

Using cpu
Using testing batch size for test loader
Using testing batch size for train loader
Loading weights
Initialization done
Start testing
Using test loader
Test: 0/10000 (0%)	Loss: 1.508033, Cross Entropy: 1.508033, Reg: 0.000000
Elapsed time (s): 18.245683193206787
Memory usage (GB): 0.48291778564453125
Test: 1280/10000 (13%)	Loss: 1.604581, Cross Entropy: 1.604581, Reg: 0.000000
Elapsed time (s): 184.7687110900879
Memory usage (GB): 0.5739288330078125
Test: 2560/10000 (25%)	Loss: 1.578344, Cross Entropy: 1.578344, Reg: 0.000000
Elapsed time (s): 207.38031768798828
Memory usage (GB): 0.5899162292480469
Test: 3840/10000 (38%)	Loss: 1.625219, Cross Entropy: 1.625219, Reg: 0.000000
Elapsed time (s): 216.6174292564392
Memory usage (GB): 0.6049118041992188
Test: 5120/10000 (51%)	Loss: 1.601747, Cross Entropy: 1.601747, Reg: 0.000000
Elapsed time (s): 196.03911900520325
Memory usage (GB): 0.6249122619628906
Test: 6400/10000 (63%)	Loss: 1.593969, Cross Entropy: 1.593969, Reg: 0.000000
Elapsed time (s): 233.31055521965027
Memory usage (GB): 0.5884666442871094
Test: 7680/10000 (76%)	Loss: 1.593969, Cross Entropy: 1.593969, Reg: 0.000000
Elapsed time (s): 215.30621910095215
Memory usage (GB): 0.6400222778320312
Test: 8960/10000 (89%)	Loss: 1.562720, Cross Entropy: 1.562720, Reg: 0.000000
Elapsed time (s): 230.3673768043518
Memory usage (GB): 0.64599609375
Test set: Average loss: 1.5873, Average cross entropy: 1.5873, Average reg: 0.0000, Accuracy: 8738/10000 (87%), Robust accuracy: 967/8738 (11%)

