Using cuda
Using testing batch size for test loader
Using testing batch size for train loader
Loading weights
Initialization done
Start testing
Using test loader
Test: 0/10000 (0%)	Loss: 1.507616, Cross Entropy: 1.507616, Reg: 0.000000
Elapsed time (s): 0.5626447200775146
Memory usage (GB): 2.579975128173828
Test set: Average loss: 1.5020, Average cross entropy: 1.5020, Average reg: 0.0000, Accuracy: 9612/10000 (96%), Robust accuracy: 3901/9612 (41%)

attack_type       : fgsm
perturbation_type : linf
budget            : 0.3
alpha             : 0.01
max_iter          : 40

Using cpu
Using testing batch size for test loader
Using testing batch size for train loader
Loading weights
Initialization done
Start testing
Using test loader
Test: 0/10000 (0%)	Loss: 1.470871, Cross Entropy: 1.470871, Reg: 0.000000
Elapsed time (s): 4.058383464813232
Memory usage (GB): 0.5481033325195312
Test: 1280/10000 (13%)	Loss: 1.529144, Cross Entropy: 1.529144, Reg: 0.000000
Elapsed time (s): 38.77933216094971
Memory usage (GB): 0.8046951293945312
Test: 2560/10000 (25%)	Loss: 1.498224, Cross Entropy: 1.498224, Reg: 0.000000
Elapsed time (s): 38.54464149475098
Memory usage (GB): 0.8236312866210938
Test: 3840/10000 (38%)	Loss: 1.533516, Cross Entropy: 1.533516, Reg: 0.000000
Elapsed time (s): 38.53306746482849
Memory usage (GB): 0.8237228393554688
Test: 5120/10000 (51%)	Loss: 1.484885, Cross Entropy: 1.484885, Reg: 0.000000
Elapsed time (s): 38.76229667663574
Memory usage (GB): 0.8424263000488281
Test: 6400/10000 (63%)	Loss: 1.478749, Cross Entropy: 1.478749, Reg: 0.000000
Elapsed time (s): 39.457334756851196
Memory usage (GB): 0.8591728210449219
Test: 7680/10000 (76%)	Loss: 1.472038, Cross Entropy: 1.472038, Reg: 0.000000
Elapsed time (s): 39.74740481376648
Memory usage (GB): 0.8766021728515625
Test: 8960/10000 (89%)	Loss: 1.505656, Cross Entropy: 1.505656, Reg: 0.000000
Elapsed time (s): 39.677265644073486
Memory usage (GB): 0.8422813415527344
Test set: Average loss: 1.5020, Average cross entropy: 1.5020, Average reg: 0.0000, Accuracy: 9612/10000 (96%), Robust accuracy: 5377/9612 (56%)

attack_type       : fgsm
perturbation_type : linf
budget            : 0.1
alpha             : 0.01
max_iter          : 40

Using cpu
Using testing batch size for test loader
Using testing batch size for train loader
Loading weights
Initialization done
Start testing
Using test loader
Test: 0/10000 (0%)	Loss: 1.470871, Cross Entropy: 1.470871, Reg: 0.000000
Elapsed time (s): 4.401537895202637
Memory usage (GB): 0.5496482849121094
Test: 1280/10000 (13%)	Loss: 1.529144, Cross Entropy: 1.529144, Reg: 0.000000
Elapsed time (s): 39.80338454246521
Memory usage (GB): 0.7955894470214844
Test: 2560/10000 (25%)	Loss: 1.498224, Cross Entropy: 1.498224, Reg: 0.000000
Elapsed time (s): 38.382468700408936
Memory usage (GB): 0.8478736877441406
Test: 3840/10000 (38%)	Loss: 1.533516, Cross Entropy: 1.533516, Reg: 0.000000
Elapsed time (s): 38.726733922958374
Memory usage (GB): 0.8130035400390625
Test: 5120/10000 (51%)	Loss: 1.484885, Cross Entropy: 1.484885, Reg: 0.000000
Elapsed time (s): 38.40366458892822
Memory usage (GB): 0.8128509521484375
Test: 6400/10000 (63%)	Loss: 1.478749, Cross Entropy: 1.478749, Reg: 0.000000
Elapsed time (s): 39.69721269607544
Memory usage (GB): 0.8475303649902344
Test: 7680/10000 (76%)	Loss: 1.472038, Cross Entropy: 1.472038, Reg: 0.000000
Elapsed time (s): 39.61847257614136
Memory usage (GB): 0.8814735412597656
Test: 8960/10000 (89%)	Loss: 1.505656, Cross Entropy: 1.505656, Reg: 0.000000
Elapsed time (s): 39.74743604660034
Memory usage (GB): 0.9343795776367188
Test set: Average loss: 1.5020, Average cross entropy: 1.5020, Average reg: 0.0000, Accuracy: 9612/10000 (96%), Robust accuracy: 5493/9612 (57%)


