attack_type       : fgsm
perturbation_type : linf
budget            : 0.3
alpha             : 0.01
max_iter          : 40

Using testing batch size for test loader
Using testing batch size for train loader
Loading weights
Initialization done
Start testing
Using test loader
Test: 0/10000 (0%)	Loss: 1.462090, Cross Entropy: 1.462090, Reg: 0.000000
Elapsed time (s): 4.110167026519775
Memory usage (GB): 0.594482421875
Test: 1280/10000 (13%)	Loss: 1.509224, Cross Entropy: 1.509224, Reg: 0.000000
Elapsed time (s): 39.02254056930542
Memory usage (GB): 0.7837333679199219
Test: 2560/10000 (25%)	Loss: 1.484978, Cross Entropy: 1.484978, Reg: 0.000000
Elapsed time (s): 39.035709857940674
Memory usage (GB): 0.7852020263671875
Test: 3840/10000 (38%)	Loss: 1.501580, Cross Entropy: 1.501580, Reg: 0.000000
Elapsed time (s): 39.232842445373535
Memory usage (GB): 0.8386039733886719
Test: 5120/10000 (51%)	Loss: 1.479949, Cross Entropy: 1.479949, Reg: 0.000000
Elapsed time (s): 39.14819383621216
Memory usage (GB): 0.8551216125488281
Test: 6400/10000 (63%)	Loss: 1.475970, Cross Entropy: 1.475970, Reg: 0.000000
Elapsed time (s): 39.551098585128784
Memory usage (GB): 0.7861213684082031
Test: 7680/10000 (76%)	Loss: 1.467116, Cross Entropy: 1.467116, Reg: 0.000000
Elapsed time (s): 39.85105323791504
Memory usage (GB): 0.8908119201660156
Test: 8960/10000 (89%)	Loss: 1.501553, Cross Entropy: 1.501553, Reg: 0.000000
Elapsed time (s): 39.67968463897705
Memory usage (GB): 0.8384628295898438
Test set: Average loss: 1.4876, Average cross entropy: 1.4876, Average reg: 0.0000, Accuracy: 9740/10000 (97%), Robust accuracy: 8210/9740 (84%)

