Using cuda
Using training batch size for test loader
Using training batch size for train loader
Randomly initialized weights
Initialization done
Start training
Train Epoch: 1 [0/60000 (0%)]	Loss: 2.299529, Cross Entropy: 2.299529, Reg: 0.000000
Elapsed time (s): 0.45769762992858887
Memory usage (GB): 2.5916290283203125
Train Epoch: 1 [12800/60000 (21%)]	Loss: 1.879478, Cross Entropy: 1.879478, Reg: 0.000000
Elapsed time (s): 3.8599414825439453
Memory usage (GB): 2.6060104370117188
Train Epoch: 1 [25600/60000 (43%)]	Loss: 0.785975, Cross Entropy: 0.785975, Reg: 0.000000
Elapsed time (s): 3.7571561336517334
Memory usage (GB): 2.6060218811035156
Train Epoch: 1 [38400/60000 (64%)]	Loss: 0.683904, Cross Entropy: 0.683904, Reg: 0.000000
Elapsed time (s): 3.9240596294403076
Memory usage (GB): 2.6086273193359375
Train Epoch: 1 [51200/60000 (85%)]	Loss: 0.566969, Cross Entropy: 0.566969, Reg: 0.000000
Elapsed time (s): 3.5039429664611816
Memory usage (GB): 2.608692169189453
Train set: Average loss: 1.1011, Average cross entropy: 1.1011, Average reg: 0.0000
Test set: Average loss: 0.3697, Average cross entropy: 0.3697, Average reg: 0.0000, Accuracy: 8973/10000 (90%)

Train Epoch: 2 [0/60000 (0%)]	Loss: 0.528619, Cross Entropy: 0.528619, Reg: 0.000000
Elapsed time (s): 0.19251036643981934
Memory usage (GB): 2.6095962524414062
Train Epoch: 2 [12800/60000 (21%)]	Loss: 0.627593, Cross Entropy: 0.627593, Reg: 0.000000
Elapsed time (s): 4.027266025543213
Memory usage (GB): 2.609619140625
Train Epoch: 2 [25600/60000 (43%)]	Loss: 0.386738, Cross Entropy: 0.386738, Reg: 0.000000
Elapsed time (s): 3.7969162464141846
Memory usage (GB): 2.609619140625
Train Epoch: 2 [38400/60000 (64%)]	Loss: 0.357894, Cross Entropy: 0.357894, Reg: 0.000000
Elapsed time (s): 3.373509407043457
Memory usage (GB): 2.609619140625
Train Epoch: 2 [51200/60000 (85%)]	Loss: 0.371240, Cross Entropy: 0.371240, Reg: 0.000000
Elapsed time (s): 3.5547382831573486
Memory usage (GB): 2.6096267700195312
Train set: Average loss: 0.4506, Average cross entropy: 0.4506, Average reg: 0.0000
Test set: Average loss: 0.2782, Average cross entropy: 0.2782, Average reg: 0.0000, Accuracy: 9161/10000 (92%)

Train Epoch: 3 [0/60000 (0%)]	Loss: 0.391631, Cross Entropy: 0.391631, Reg: 0.000000
Elapsed time (s): 0.16327428817749023
Memory usage (GB): 2.6096534729003906
Train Epoch: 3 [12800/60000 (21%)]	Loss: 0.357882, Cross Entropy: 0.357882, Reg: 0.000000
Elapsed time (s): 3.5323476791381836
Memory usage (GB): 2.6096649169921875
Train Epoch: 3 [25600/60000 (43%)]	Loss: 0.364010, Cross Entropy: 0.364010, Reg: 0.000000
Elapsed time (s): 3.75226092338562
Memory usage (GB): 2.612293243408203
Train Epoch: 3 [38400/60000 (64%)]	Loss: 0.639374, Cross Entropy: 0.639374, Reg: 0.000000
Elapsed time (s): 4.207106113433838
Memory usage (GB): 2.612293243408203
Train Epoch: 3 [51200/60000 (85%)]	Loss: 0.329521, Cross Entropy: 0.329521, Reg: 0.000000
Elapsed time (s): 3.5713939666748047
Memory usage (GB): 2.6123008728027344
Train set: Average loss: 0.3691, Average cross entropy: 0.3691, Average reg: 0.0000
Test set: Average loss: 0.2347, Average cross entropy: 0.2347, Average reg: 0.0000, Accuracy: 9342/10000 (93%)

Train Epoch: 4 [0/60000 (0%)]	Loss: 0.398898, Cross Entropy: 0.398898, Reg: 0.000000
Elapsed time (s): 0.15163397789001465
Memory usage (GB): 2.6122894287109375
Train Epoch: 4 [12800/60000 (21%)]	Loss: 0.467373, Cross Entropy: 0.467373, Reg: 0.000000
Elapsed time (s): 3.526705741882324
Memory usage (GB): 2.6122894287109375
Train Epoch: 4 [25600/60000 (43%)]	Loss: 0.419843, Cross Entropy: 0.419843, Reg: 0.000000
Elapsed time (s): 3.3899314403533936
Memory usage (GB): 2.612293243408203
Train Epoch: 4 [38400/60000 (64%)]	Loss: 0.338682, Cross Entropy: 0.338682, Reg: 0.000000
Elapsed time (s): 3.4224274158477783
Memory usage (GB): 2.6122970581054688
Train Epoch: 4 [51200/60000 (85%)]	Loss: 0.299324, Cross Entropy: 0.299324, Reg: 0.000000
Elapsed time (s): 3.3893980979919434
Memory usage (GB): 2.6123008728027344
Train set: Average loss: 0.3283, Average cross entropy: 0.3283, Average reg: 0.0000
Test set: Average loss: 0.2094, Average cross entropy: 0.2094, Average reg: 0.0000, Accuracy: 9365/10000 (94%)

Train Epoch: 5 [0/60000 (0%)]	Loss: 0.321656, Cross Entropy: 0.321656, Reg: 0.000000
Elapsed time (s): 0.16808843612670898
Memory usage (GB): 2.612293243408203
Train Epoch: 5 [12800/60000 (21%)]	Loss: 0.233368, Cross Entropy: 0.233368, Reg: 0.000000
Elapsed time (s): 4.220042705535889
Memory usage (GB): 2.6122970581054688
Train Epoch: 5 [25600/60000 (43%)]	Loss: 0.328749, Cross Entropy: 0.328749, Reg: 0.000000
Elapsed time (s): 3.621793508529663
Memory usage (GB): 2.6123008728027344
Train Epoch: 5 [38400/60000 (64%)]	Loss: 0.228370, Cross Entropy: 0.228370, Reg: 0.000000
Elapsed time (s): 3.408196449279785
Memory usage (GB): 2.6123008728027344
Train Epoch: 5 [51200/60000 (85%)]	Loss: 0.249182, Cross Entropy: 0.249182, Reg: 0.000000
Elapsed time (s): 3.397874355316162
Memory usage (GB): 2.6123008728027344
Train set: Average loss: 0.3035, Average cross entropy: 0.3035, Average reg: 0.0000
Test set: Average loss: 0.1887, Average cross entropy: 0.1887, Average reg: 0.0000, Accuracy: 9463/10000 (95%)

Train Epoch: 6 [0/60000 (0%)]	Loss: 0.302898, Cross Entropy: 0.302898, Reg: 0.000000
Elapsed time (s): 0.14812660217285156
Memory usage (GB): 2.612293243408203
Train Epoch: 6 [12800/60000 (21%)]	Loss: 0.330786, Cross Entropy: 0.330786, Reg: 0.000000
Elapsed time (s): 3.4228389263153076
Memory usage (GB): 2.6122970581054688
Train Epoch: 6 [25600/60000 (43%)]	Loss: 0.236716, Cross Entropy: 0.236716, Reg: 0.000000
Elapsed time (s): 3.3571221828460693
Memory usage (GB): 2.6123008728027344
Train Epoch: 6 [38400/60000 (64%)]	Loss: 0.194643, Cross Entropy: 0.194643, Reg: 0.000000
Elapsed time (s): 3.402832508087158
Memory usage (GB): 2.6123046875
Train Epoch: 6 [51200/60000 (85%)]	Loss: 0.407070, Cross Entropy: 0.407070, Reg: 0.000000
Elapsed time (s): 3.370643138885498
Memory usage (GB): 2.6123046875
Train set: Average loss: 0.2890, Average cross entropy: 0.2890, Average reg: 0.0000
Test set: Average loss: 0.1771, Average cross entropy: 0.1771, Average reg: 0.0000, Accuracy: 9470/10000 (95%)

Train Epoch: 7 [0/60000 (0%)]	Loss: 0.290265, Cross Entropy: 0.290265, Reg: 0.000000
Elapsed time (s): 0.14406299591064453
Memory usage (GB): 2.6123008728027344
Train Epoch: 7 [12800/60000 (21%)]	Loss: 0.268928, Cross Entropy: 0.268928, Reg: 0.000000
Elapsed time (s): 4.245322227478027
Memory usage (GB): 2.6123046875
Train Epoch: 7 [25600/60000 (43%)]	Loss: 0.290708, Cross Entropy: 0.290708, Reg: 0.000000
Elapsed time (s): 4.1109418869018555
Memory usage (GB): 2.6123085021972656
Train Epoch: 7 [38400/60000 (64%)]	Loss: 0.393107, Cross Entropy: 0.393107, Reg: 0.000000
Elapsed time (s): 3.514756679534912
Memory usage (GB): 2.6123123168945312
Train Epoch: 7 [51200/60000 (85%)]	Loss: 0.351389, Cross Entropy: 0.351389, Reg: 0.000000
Elapsed time (s): 3.672485113143921
Memory usage (GB): 2.6123123168945312
Train set: Average loss: 0.2743, Average cross entropy: 0.2743, Average reg: 0.0000
Test set: Average loss: 0.1668, Average cross entropy: 0.1668, Average reg: 0.0000, Accuracy: 9514/10000 (95%)

Train Epoch: 8 [0/60000 (0%)]	Loss: 0.357100, Cross Entropy: 0.357100, Reg: 0.000000
Elapsed time (s): 0.1452651023864746
Memory usage (GB): 2.6123123168945312
Train Epoch: 8 [12800/60000 (21%)]	Loss: 0.265724, Cross Entropy: 0.265724, Reg: 0.000000
Elapsed time (s): 3.4895031452178955
Memory usage (GB): 2.612316131591797
Train Epoch: 8 [25600/60000 (43%)]	Loss: 0.260219, Cross Entropy: 0.260219, Reg: 0.000000
Elapsed time (s): 3.5840988159179688
Memory usage (GB): 2.6123199462890625
Train Epoch: 8 [38400/60000 (64%)]	Loss: 0.295840, Cross Entropy: 0.295840, Reg: 0.000000
Elapsed time (s): 3.375971794128418
Memory usage (GB): 2.6123199462890625
Train Epoch: 8 [51200/60000 (85%)]	Loss: 0.327105, Cross Entropy: 0.327105, Reg: 0.000000
Elapsed time (s): 3.4625113010406494
Memory usage (GB): 2.6123199462890625
Train set: Average loss: 0.2622, Average cross entropy: 0.2622, Average reg: 0.0000
Test set: Average loss: 0.1556, Average cross entropy: 0.1556, Average reg: 0.0000, Accuracy: 9553/10000 (96%)

Train Epoch: 9 [0/60000 (0%)]	Loss: 0.255419, Cross Entropy: 0.255419, Reg: 0.000000
Elapsed time (s): 0.2121596336364746
Memory usage (GB): 2.612316131591797
Train Epoch: 9 [12800/60000 (21%)]	Loss: 0.285505, Cross Entropy: 0.285505, Reg: 0.000000
Elapsed time (s): 3.6197242736816406
Memory usage (GB): 2.6123199462890625
Train Epoch: 9 [25600/60000 (43%)]	Loss: 0.166956, Cross Entropy: 0.166956, Reg: 0.000000
Elapsed time (s): 3.572658061981201
Memory usage (GB): 2.6123199462890625
Train Epoch: 9 [38400/60000 (64%)]	Loss: 0.321328, Cross Entropy: 0.321328, Reg: 0.000000
Elapsed time (s): 3.3548712730407715
Memory usage (GB): 2.612323760986328
Train Epoch: 9 [51200/60000 (85%)]	Loss: 0.227266, Cross Entropy: 0.227266, Reg: 0.000000
Elapsed time (s): 3.493865489959717
Memory usage (GB): 2.612323760986328
Train set: Average loss: 0.2583, Average cross entropy: 0.2583, Average reg: 0.0000
Test set: Average loss: 0.1539, Average cross entropy: 0.1539, Average reg: 0.0000, Accuracy: 9534/10000 (95%)

Train Epoch: 10 [0/60000 (0%)]	Loss: 0.311253, Cross Entropy: 0.311253, Reg: 0.000000
Elapsed time (s): 0.1547224521636963
Memory usage (GB): 2.6123199462890625
Train Epoch: 10 [12800/60000 (21%)]	Loss: 0.295895, Cross Entropy: 0.295895, Reg: 0.000000
Elapsed time (s): 3.7100603580474854
Memory usage (GB): 2.6123199462890625
Train Epoch: 10 [25600/60000 (43%)]	Loss: 0.311732, Cross Entropy: 0.311732, Reg: 0.000000
Elapsed time (s): 3.4691309928894043
Memory usage (GB): 2.6123199462890625
Train Epoch: 10 [38400/60000 (64%)]	Loss: 0.323073, Cross Entropy: 0.323073, Reg: 0.000000
Elapsed time (s): 3.4753079414367676
Memory usage (GB): 2.612323760986328
Train Epoch: 10 [51200/60000 (85%)]	Loss: 0.139393, Cross Entropy: 0.139393, Reg: 0.000000
Elapsed time (s): 3.4121837615966797
Memory usage (GB): 2.612323760986328
Train set: Average loss: 0.2516, Average cross entropy: 0.2516, Average reg: 0.0000
Test set: Average loss: 0.1439, Average cross entropy: 0.1439, Average reg: 0.0000, Accuracy: 9569/10000 (96%)

